<?xml version="1.0" encoding="UTF-8"?>
<testng-results ignored="0" total="1" passed="1" failed="0" skipped="0">
  <reporter-output>
  </reporter-output>
  <suite started-at="2023-12-21T14:28:30 IST" name="Default suite" finished-at="2023-12-21T14:29:25 IST" duration-ms="54982">
    <groups>
    </groups>
    <test started-at="2023-12-21T14:28:30 IST" name="Default test" finished-at="2023-12-21T14:29:25 IST" duration-ms="54982">
      <class name="guvigu.Guvipro">
        <test-method is-config="true" signature="Browsersetup()[pri:0, instance:guvigu.Guvipro@350aac89]" started-at="2023-12-21T14:28:30 IST" name="Browsersetup" finished-at="2023-12-21T14:29:22 IST" duration-ms="51877" status="PASS">
          <reporter-output>
          </reporter-output>
        </test-method> <!-- Browsersetup -->
        <test-method signature="Bookfee_registeration()[pri:0, instance:guvigu.Guvipro@350aac89]" started-at="2023-12-21T14:29:22 IST" name="Bookfee_registeration" finished-at="2023-12-21T14:29:25 IST" duration-ms="3002" status="PASS">
          <reporter-output>
          </reporter-output>
        </test-method> <!-- Bookfee_registeration -->
      </class> <!-- guvigu.Guvipro -->
    </test> <!-- Default test -->
  </suite> <!-- Default suite -->
</testng-results>
